2018 Apr 29 Sun 15:45:10 INFO =============
2018 Apr 29 Sun 15:45:10 INFO 搜寻测试脚本结束
2018 Apr 29 Sun 15:45:10 INFO 开始测试...
2018 Apr 29 Sun 15:46:23 INFO 测试结束...
2018 Apr 29 Sun 15:46:23 INFO 保存html报告成功
2018 Apr 29 Sun 15:46:24 INFO =============
2018 Apr 29 Sun 15:48:01 INFO =============
2018 Apr 29 Sun 15:48:01 INFO 搜寻测试脚本结束
2018 Apr 29 Sun 15:48:01 INFO 开始测试...
2018 Apr 29 Sun 15:50:27 INFO 测试结束...
2018 Apr 29 Sun 15:50:27 INFO 保存html报告成功
2018 Apr 29 Sun 15:50:27 INFO =============
2018 Apr 29 Sun 15:57:32 INFO =============
2018 Apr 29 Sun 15:57:32 INFO 搜寻测试脚本结束
2018 Apr 29 Sun 15:57:32 INFO 开始测试...
2018 Apr 29 Sun 16:00:26 INFO =============
2018 Apr 29 Sun 16:00:26 INFO 搜寻测试脚本结束
2018 Apr 29 Sun 16:00:26 INFO 开始测试...
2018 Apr 29 Sun 16:00:26 INFO 测试结束...
2018 Apr 29 Sun 16:00:26 INFO 保存html报告成功
2018 Apr 29 Sun 16:00:26 INFO =============
2018 Apr 29 Sun 16:01:04 INFO =============
2018 Apr 29 Sun 16:01:04 INFO 搜寻测试脚本结束
2018 Apr 29 Sun 16:01:04 INFO 开始测试...
2018 Apr 29 Sun 16:02:15 INFO 测试结束...
2018 Apr 29 Sun 16:02:15 INFO 保存html报告成功
2018 Apr 29 Sun 16:02:16 INFO =============
2018 Apr 29 Sun 16:03:22 INFO =============
2018 Apr 29 Sun 16:03:22 INFO 搜寻测试脚本结束
2018 Apr 29 Sun 16:03:22 INFO 开始测试...
2018 Apr 29 Sun 16:04:48 INFO 测试结束...
2018 Apr 29 Sun 16:04:49 INFO 保存html报告成功
2018 Apr 29 Sun 16:04:49 INFO =============
2018 Apr 29 Sun 16:06:25 INFO =============
2018 Apr 29 Sun 16:06:25 INFO 搜寻测试脚本结束
2018 Apr 29 Sun 16:06:25 INFO 开始测试...
2018 Apr 29 Sun 16:09:08 INFO 测试结束...
2018 Apr 29 Sun 16:09:09 INFO 保存html报告成功
2018 Apr 29 Sun 16:09:09 INFO =============
2018 Apr 29 Sun 16:13:58 INFO =============
2018 Apr 29 Sun 16:13:58 INFO 搜寻测试脚本结束
2018 Apr 29 Sun 16:13:58 INFO 开始测试...
2018 Apr 29 Sun 16:16:03 INFO 测试结束...
2018 Apr 29 Sun 16:16:03 INFO 保存html报告成功
2018 Apr 29 Sun 16:16:03 INFO =============
2018 Apr 29 Sun 16:17:59 INFO =============
2018 Apr 29 Sun 16:17:59 INFO 搜寻测试脚本结束
2018 Apr 29 Sun 16:17:59 INFO 开始测试...
2018 Apr 29 Sun 16:19:50 INFO 测试结束...
2018 Apr 29 Sun 16:19:50 INFO 保存html报告成功
2018 Apr 29 Sun 16:19:50 INFO =============
2018 Apr 29 Sun 16:20:19 INFO =============
2018 Apr 29 Sun 16:20:19 INFO 搜寻测试脚本结束
2018 Apr 29 Sun 16:20:19 INFO 开始测试...
2018 Apr 29 Sun 16:20:35 INFO 测试结束...
2018 Apr 29 Sun 16:20:35 INFO 保存html报告成功
2018 Apr 29 Sun 16:20:35 INFO =============
2018 Apr 29 Sun 16:22:18 INFO =============
2018 Apr 29 Sun 16:22:18 INFO 搜寻测试脚本结束
2018 Apr 29 Sun 16:22:18 INFO 开始测试...
2018 Apr 29 Sun 16:23:17 INFO 测试结束...
2018 Apr 29 Sun 16:23:17 INFO 保存html报告成功
2018 Apr 29 Sun 16:23:17 INFO =============
2018 Apr 29 Sun 16:24:03 INFO =============
2018 Apr 29 Sun 16:24:03 INFO 搜寻测试脚本结束
2018 Apr 29 Sun 16:24:03 INFO 开始测试...
2018 Apr 29 Sun 16:27:06 INFO =============
2018 Apr 29 Sun 16:27:06 INFO 搜寻测试脚本结束
2018 Apr 29 Sun 16:27:06 INFO 开始测试...
2018 Apr 29 Sun 16:28:58 INFO 测试结束...
2018 Apr 29 Sun 16:28:58 INFO 保存html报告成功
2018 Apr 29 Sun 16:28:58 INFO =============
2018 Apr 29 Sun 16:30:52 INFO =============
2018 Apr 29 Sun 16:30:52 INFO 搜寻测试脚本结束
2018 Apr 29 Sun 16:30:52 INFO 开始测试...
2018 Apr 29 Sun 16:32:16 INFO 测试结束...
2018 Apr 29 Sun 16:32:16 INFO 保存html报告成功
2018 Apr 29 Sun 16:32:16 INFO =============
2018 Apr 29 Sun 16:34:16 INFO =============
2018 Apr 29 Sun 16:34:16 INFO 搜寻测试脚本结束
2018 Apr 29 Sun 16:34:16 INFO 开始测试...
2018 Apr 29 Sun 16:35:23 INFO 测试结束...
2018 Apr 29 Sun 16:35:23 INFO 保存html报告成功
2018 Apr 29 Sun 16:35:23 INFO =============
2018 Apr 29 Sun 16:37:06 INFO =============
2018 Apr 29 Sun 16:37:06 INFO 搜寻测试脚本结束
2018 Apr 29 Sun 16:37:06 INFO 开始测试...
2018 Apr 29 Sun 16:42:57 INFO =============
2018 Apr 29 Sun 16:42:57 INFO 搜寻测试脚本结束
2018 Apr 29 Sun 16:42:57 INFO 开始测试...
2018 Apr 29 Sun 16:44:49 INFO 测试结束...
2018 Apr 29 Sun 16:44:49 INFO 保存html报告成功
2018 Apr 29 Sun 16:44:49 INFO =============
