2018 Apr 28 Sat 00:19:49 INFO =============
2018 Apr 28 Sat 00:19:49 INFO 搜寻测试脚本结束
2018 Apr 28 Sat 00:19:49 INFO 开始测试...
2018 Apr 28 Sat 00:21:17 INFO 测试结束...
2018 Apr 28 Sat 00:21:17 INFO 保存html报告成功
2018 Apr 28 Sat 00:21:17 INFO =============
2018 Apr 28 Sat 00:35:26 INFO =============
2018 Apr 28 Sat 00:35:26 INFO 搜寻测试脚本结束
2018 Apr 28 Sat 00:35:26 INFO 开始测试...
2018 Apr 28 Sat 00:37:18 INFO 测试结束...
2018 Apr 28 Sat 00:37:18 INFO 保存html报告成功
2018 Apr 28 Sat 00:37:18 INFO =============
2018 Apr 28 Sat 00:38:18 INFO =============
2018 Apr 28 Sat 00:38:18 INFO 搜寻测试脚本结束
2018 Apr 28 Sat 00:38:18 INFO 开始测试...
2018 Apr 28 Sat 00:39:14 INFO =============
2018 Apr 28 Sat 00:39:14 INFO 搜寻测试脚本结束
2018 Apr 28 Sat 00:39:14 INFO 开始测试...
2018 Apr 28 Sat 00:39:16 INFO 测试结束...
2018 Apr 28 Sat 00:39:16 INFO 保存html报告成功
2018 Apr 28 Sat 00:39:16 INFO =============
2018 Apr 28 Sat 00:40:10 INFO =============
2018 Apr 28 Sat 00:40:10 INFO 搜寻测试脚本结束
2018 Apr 28 Sat 00:40:10 INFO 开始测试...
2018 Apr 28 Sat 00:42:34 INFO 测试结束...
2018 Apr 28 Sat 00:42:34 INFO 保存html报告成功
2018 Apr 28 Sat 00:42:34 INFO =============
2018 Apr 28 Sat 00:44:34 INFO =============
2018 Apr 28 Sat 00:44:34 INFO 搜寻测试脚本结束
2018 Apr 28 Sat 00:44:34 INFO 开始测试...
2018 Apr 28 Sat 00:49:13 INFO =============
2018 Apr 28 Sat 00:49:13 INFO 搜寻测试脚本结束
2018 Apr 28 Sat 00:49:13 INFO 开始测试...
2018 Apr 28 Sat 00:51:56 INFO 测试结束...
2018 Apr 28 Sat 00:51:56 INFO 保存html报告成功
2018 Apr 28 Sat 00:51:56 INFO =============
2018 Apr 28 Sat 00:53:53 INFO =============
2018 Apr 28 Sat 00:53:53 INFO 搜寻测试脚本结束
2018 Apr 28 Sat 00:53:53 INFO 开始测试...
2018 Apr 28 Sat 22:30:51 INFO =============
2018 Apr 28 Sat 22:30:51 INFO 搜寻测试脚本结束
2018 Apr 28 Sat 22:30:51 INFO 开始测试...
2018 Apr 28 Sat 22:32:14 INFO 测试结束...
2018 Apr 28 Sat 22:32:15 INFO 保存html报告成功
2018 Apr 28 Sat 22:32:15 INFO =============
2018 Apr 28 Sat 22:36:46 INFO =============
2018 Apr 28 Sat 22:36:46 INFO 搜寻测试脚本结束
2018 Apr 28 Sat 22:36:46 INFO 开始测试...
2018 Apr 28 Sat 22:38:47 INFO 测试结束...
2018 Apr 28 Sat 22:38:47 INFO 保存html报告成功
2018 Apr 28 Sat 22:38:47 INFO =============
2018 Apr 28 Sat 22:41:22 INFO =============
2018 Apr 28 Sat 22:41:22 INFO 搜寻测试脚本结束
2018 Apr 28 Sat 22:41:22 INFO 开始测试...
2018 Apr 28 Sat 22:43:02 INFO =============
2018 Apr 28 Sat 22:43:02 INFO 搜寻测试脚本结束
2018 Apr 28 Sat 22:43:02 INFO 开始测试...
2018 Apr 28 Sat 22:43:03 INFO 测试结束...
2018 Apr 28 Sat 22:43:03 INFO 保存html报告成功
2018 Apr 28 Sat 22:43:03 INFO =============
2018 Apr 28 Sat 22:43:21 INFO =============
2018 Apr 28 Sat 22:43:21 INFO 搜寻测试脚本结束
2018 Apr 28 Sat 22:43:21 INFO 开始测试...
2018 Apr 28 Sat 22:43:21 INFO 测试结束...
2018 Apr 28 Sat 22:43:21 INFO 保存html报告成功
2018 Apr 28 Sat 22:43:21 INFO =============
2018 Apr 28 Sat 22:43:45 INFO =============
2018 Apr 28 Sat 22:43:45 INFO 搜寻测试脚本结束
2018 Apr 28 Sat 22:43:45 INFO 开始测试...
2018 Apr 28 Sat 22:44:55 INFO 测试结束...
2018 Apr 28 Sat 22:44:55 INFO 保存html报告成功
2018 Apr 28 Sat 22:44:55 INFO =============
2018 Apr 28 Sat 22:46:19 INFO =============
2018 Apr 28 Sat 22:46:19 INFO 搜寻测试脚本结束
2018 Apr 28 Sat 22:46:19 INFO 开始测试...
2018 Apr 28 Sat 22:46:30 INFO 测试结束...
2018 Apr 28 Sat 22:46:30 INFO 保存html报告成功
2018 Apr 28 Sat 22:46:30 INFO =============
2018 Apr 28 Sat 22:50:16 INFO =============
2018 Apr 28 Sat 22:50:16 INFO 搜寻测试脚本结束
2018 Apr 28 Sat 22:50:16 INFO 开始测试...
2018 Apr 28 Sat 22:50:27 INFO 测试结束...
2018 Apr 28 Sat 22:50:27 INFO 保存html报告成功
2018 Apr 28 Sat 22:50:27 INFO =============
2018 Apr 28 Sat 22:51:24 INFO =============
2018 Apr 28 Sat 22:51:24 INFO 搜寻测试脚本结束
2018 Apr 28 Sat 22:51:24 INFO 开始测试...
2018 Apr 28 Sat 22:52:26 INFO =============
2018 Apr 28 Sat 22:52:26 INFO 搜寻测试脚本结束
2018 Apr 28 Sat 22:52:26 INFO 开始测试...
2018 Apr 28 Sat 22:52:26 INFO 测试结束...
2018 Apr 28 Sat 22:52:26 INFO 保存html报告成功
2018 Apr 28 Sat 22:52:26 INFO =============
2018 Apr 28 Sat 22:52:58 INFO =============
2018 Apr 28 Sat 22:52:58 INFO 搜寻测试脚本结束
2018 Apr 28 Sat 22:52:58 INFO 开始测试...
2018 Apr 28 Sat 22:53:09 INFO 测试结束...
2018 Apr 28 Sat 22:53:09 INFO 保存html报告成功
2018 Apr 28 Sat 22:53:09 INFO =============
2018 Apr 28 Sat 22:54:39 INFO =============
2018 Apr 28 Sat 22:54:39 INFO 搜寻测试脚本结束
2018 Apr 28 Sat 22:54:39 INFO 开始测试...
2018 Apr 28 Sat 22:55:48 INFO 测试结束...
2018 Apr 28 Sat 22:55:48 INFO 保存html报告成功
2018 Apr 28 Sat 22:55:48 INFO =============
2018 Apr 28 Sat 23:02:07 INFO =============
2018 Apr 28 Sat 23:02:07 INFO 搜寻测试脚本结束
2018 Apr 28 Sat 23:02:07 INFO 开始测试...
2018 Apr 28 Sat 23:02:20 INFO 测试结束...
2018 Apr 28 Sat 23:02:20 INFO 保存html报告成功
2018 Apr 28 Sat 23:02:20 INFO =============
2018 Apr 28 Sat 23:08:58 INFO =============
2018 Apr 28 Sat 23:08:58 INFO 搜寻测试脚本结束
2018 Apr 28 Sat 23:08:58 INFO 开始测试...
2018 Apr 28 Sat 23:09:36 INFO 测试结束...
2018 Apr 28 Sat 23:09:36 INFO 保存html报告成功
2018 Apr 28 Sat 23:09:36 INFO =============
2018 Apr 28 Sat 23:11:55 INFO =============
2018 Apr 28 Sat 23:11:55 INFO 搜寻测试脚本结束
2018 Apr 28 Sat 23:11:55 INFO 开始测试...
2018 Apr 28 Sat 23:13:01 INFO 测试结束...
2018 Apr 28 Sat 23:13:01 INFO 保存html报告成功
2018 Apr 28 Sat 23:13:01 INFO =============
2018 Apr 28 Sat 23:13:53 INFO =============
2018 Apr 28 Sat 23:13:53 INFO 搜寻测试脚本结束
2018 Apr 28 Sat 23:13:53 INFO 开始测试...
2018 Apr 28 Sat 23:14:35 INFO 测试结束...
2018 Apr 28 Sat 23:14:35 INFO 保存html报告成功
2018 Apr 28 Sat 23:14:35 INFO =============
2018 Apr 28 Sat 23:15:35 INFO =============
2018 Apr 28 Sat 23:15:35 INFO 搜寻测试脚本结束
2018 Apr 28 Sat 23:15:35 INFO 开始测试...
2018 Apr 28 Sat 23:16:06 INFO 测试结束...
2018 Apr 28 Sat 23:16:06 INFO 保存html报告成功
2018 Apr 28 Sat 23:16:06 INFO =============
2018 Apr 28 Sat 23:19:04 INFO =============
2018 Apr 28 Sat 23:19:04 INFO 搜寻测试脚本结束
2018 Apr 28 Sat 23:19:04 INFO 开始测试...
2018 Apr 28 Sat 23:19:45 INFO 测试结束...
2018 Apr 28 Sat 23:19:46 INFO 保存html报告成功
2018 Apr 28 Sat 23:19:46 INFO =============
2018 Apr 28 Sat 23:20:12 INFO =============
2018 Apr 28 Sat 23:20:12 INFO 搜寻测试脚本结束
2018 Apr 28 Sat 23:20:12 INFO 开始测试...
2018 Apr 28 Sat 23:21:01 INFO 测试结束...
2018 Apr 28 Sat 23:21:01 INFO 保存html报告成功
2018 Apr 28 Sat 23:21:01 INFO =============
2018 Apr 28 Sat 23:26:47 INFO =============
2018 Apr 28 Sat 23:26:47 INFO 搜寻测试脚本结束
2018 Apr 28 Sat 23:26:47 INFO 开始测试...
2018 Apr 28 Sat 23:27:32 INFO 测试结束...
2018 Apr 28 Sat 23:27:32 INFO 保存html报告成功
2018 Apr 28 Sat 23:27:32 INFO =============
