2018 Apr 25 Wed 00:02:44 INFO =============
2018 Apr 25 Wed 00:02:44 INFO 搜寻测试脚本结束
2018 Apr 25 Wed 00:02:44 INFO 开始测试...
2018 Apr 25 Wed 00:03:58 INFO 测试结束...
2018 Apr 25 Wed 00:03:58 INFO 保存html报告成功
2018 Apr 25 Wed 00:03:58 INFO =============
2018 Apr 25 Wed 00:08:24 INFO =============
2018 Apr 25 Wed 00:08:24 INFO 搜寻测试脚本结束
2018 Apr 25 Wed 00:08:24 INFO 开始测试...
2018 Apr 25 Wed 00:09:26 INFO 测试结束...
2018 Apr 25 Wed 00:09:26 INFO 保存html报告成功
2018 Apr 25 Wed 00:09:26 INFO =============
2018 Apr 25 Wed 00:13:21 INFO =============
2018 Apr 25 Wed 00:13:21 INFO 搜寻测试脚本结束
2018 Apr 25 Wed 00:13:21 INFO 开始测试...
2018 Apr 25 Wed 00:13:48 INFO 测试结束...
2018 Apr 25 Wed 00:13:48 INFO 保存html报告成功
2018 Apr 25 Wed 00:13:48 INFO =============
2018 Apr 25 Wed 22:20:08 INFO =============
2018 Apr 25 Wed 22:20:08 INFO 搜寻测试脚本结束
2018 Apr 25 Wed 22:20:08 INFO 开始测试...
2018 Apr 25 Wed 22:21:37 INFO =============
2018 Apr 25 Wed 22:21:37 INFO 搜寻测试脚本结束
2018 Apr 25 Wed 22:21:37 INFO 开始测试...
2018 Apr 25 Wed 22:22:36 INFO 测试结束...
2018 Apr 25 Wed 22:22:37 INFO 保存html报告成功
2018 Apr 25 Wed 22:22:37 INFO =============
2018 Apr 25 Wed 22:32:31 INFO =============
2018 Apr 25 Wed 22:32:31 INFO 搜寻测试脚本结束
2018 Apr 25 Wed 22:32:31 INFO 开始测试...
2018 Apr 25 Wed 22:32:47 INFO 测试结束...
2018 Apr 25 Wed 22:32:47 INFO 保存html报告成功
2018 Apr 25 Wed 22:32:47 INFO =============
2018 Apr 25 Wed 22:39:31 INFO =============
2018 Apr 25 Wed 22:39:31 INFO 搜寻测试脚本结束
2018 Apr 25 Wed 22:39:31 INFO 开始测试...
2018 Apr 25 Wed 22:39:46 INFO 测试结束...
2018 Apr 25 Wed 22:39:46 INFO 保存html报告成功
2018 Apr 25 Wed 22:39:46 INFO =============
2018 Apr 25 Wed 22:40:28 INFO =============
2018 Apr 25 Wed 22:40:28 INFO 搜寻测试脚本结束
2018 Apr 25 Wed 22:40:28 INFO 开始测试...
2018 Apr 25 Wed 22:40:50 INFO 测试结束...
2018 Apr 25 Wed 22:40:50 INFO 保存html报告成功
2018 Apr 25 Wed 22:40:50 INFO =============
2018 Apr 25 Wed 22:41:36 INFO =============
2018 Apr 25 Wed 22:41:36 INFO 搜寻测试脚本结束
2018 Apr 25 Wed 22:41:36 INFO 开始测试...
2018 Apr 25 Wed 22:42:14 INFO 测试结束...
2018 Apr 25 Wed 22:42:14 INFO 保存html报告成功
2018 Apr 25 Wed 22:42:14 INFO =============
2018 Apr 25 Wed 22:52:32 INFO =============
2018 Apr 25 Wed 22:52:32 INFO 搜寻测试脚本结束
2018 Apr 25 Wed 22:52:32 INFO 开始测试...
2018 Apr 25 Wed 22:53:13 INFO 测试结束...
2018 Apr 25 Wed 22:53:13 INFO 保存html报告成功
2018 Apr 25 Wed 22:53:13 INFO =============
2018 Apr 25 Wed 22:54:31 INFO =============
2018 Apr 25 Wed 22:54:31 INFO 搜寻测试脚本结束
2018 Apr 25 Wed 22:54:31 INFO 开始测试...
2018 Apr 25 Wed 22:55:04 INFO 测试结束...
2018 Apr 25 Wed 22:55:04 INFO 保存html报告成功
2018 Apr 25 Wed 22:55:05 INFO =============
2018 Apr 25 Wed 23:01:28 INFO =============
2018 Apr 25 Wed 23:01:28 INFO 搜寻测试脚本结束
2018 Apr 25 Wed 23:01:28 INFO 开始测试...
2018 Apr 25 Wed 23:02:13 INFO 测试结束...
2018 Apr 25 Wed 23:02:13 INFO 保存html报告成功
2018 Apr 25 Wed 23:02:13 INFO =============
2018 Apr 25 Wed 23:05:43 INFO =============
2018 Apr 25 Wed 23:05:43 INFO 搜寻测试脚本结束
2018 Apr 25 Wed 23:05:43 INFO 开始测试...
2018 Apr 25 Wed 23:06:14 INFO 测试结束...
2018 Apr 25 Wed 23:06:15 INFO 保存html报告成功
2018 Apr 25 Wed 23:06:15 INFO =============
2018 Apr 25 Wed 23:08:51 INFO =============
2018 Apr 25 Wed 23:08:51 INFO 搜寻测试脚本结束
2018 Apr 25 Wed 23:08:51 INFO 开始测试...
2018 Apr 25 Wed 23:10:17 INFO =============
2018 Apr 25 Wed 23:10:17 INFO 搜寻测试脚本结束
2018 Apr 25 Wed 23:10:17 INFO 开始测试...
2018 Apr 25 Wed 23:10:17 INFO 测试结束...
2018 Apr 25 Wed 23:10:17 INFO 保存html报告成功
2018 Apr 25 Wed 23:10:17 INFO =============
2018 Apr 25 Wed 23:10:26 INFO =============
2018 Apr 25 Wed 23:10:26 INFO 搜寻测试脚本结束
2018 Apr 25 Wed 23:10:26 INFO 开始测试...
2018 Apr 25 Wed 23:10:36 INFO 测试结束...
2018 Apr 25 Wed 23:10:36 INFO 保存html报告成功
2018 Apr 25 Wed 23:10:36 INFO =============
2018 Apr 25 Wed 23:11:07 INFO =============
2018 Apr 25 Wed 23:11:07 INFO 搜寻测试脚本结束
2018 Apr 25 Wed 23:11:07 INFO 开始测试...
2018 Apr 25 Wed 23:11:16 INFO 测试结束...
2018 Apr 25 Wed 23:11:16 INFO 保存html报告成功
2018 Apr 25 Wed 23:11:16 INFO =============
2018 Apr 25 Wed 23:12:00 INFO =============
2018 Apr 25 Wed 23:12:00 INFO 搜寻测试脚本结束
2018 Apr 25 Wed 23:12:00 INFO 开始测试...
2018 Apr 25 Wed 23:12:34 INFO 测试结束...
2018 Apr 25 Wed 23:12:34 INFO 保存html报告成功
2018 Apr 25 Wed 23:12:34 INFO =============
2018 Apr 25 Wed 23:14:25 INFO =============
2018 Apr 25 Wed 23:14:25 INFO 搜寻测试脚本结束
2018 Apr 25 Wed 23:14:25 INFO 开始测试...
2018 Apr 25 Wed 23:14:56 INFO 测试结束...
2018 Apr 25 Wed 23:14:56 INFO 保存html报告成功
2018 Apr 25 Wed 23:14:56 INFO =============
