2018 Apr 23 Mon 00:37:31 INFO =============
2018 Apr 23 Mon 00:37:31 INFO 搜寻测试脚本结束
2018 Apr 23 Mon 00:37:31 INFO 开始测试...
2018 Apr 23 Mon 00:37:31 INFO 测试结束...
2018 Apr 23 Mon 00:37:31 INFO 保存html报告成功
2018 Apr 23 Mon 00:37:31 INFO =============
2018 Apr 23 Mon 23:46:23 INFO =============
2018 Apr 23 Mon 23:46:23 INFO 搜寻测试脚本结束
2018 Apr 23 Mon 23:46:23 INFO 开始测试...
2018 Apr 23 Mon 23:46:23 INFO 测试结束...
2018 Apr 23 Mon 23:46:23 INFO 保存html报告成功
2018 Apr 23 Mon 23:46:23 INFO =============
2018 Apr 23 Mon 23:50:43 INFO =============
2018 Apr 23 Mon 23:50:43 INFO 搜寻测试脚本结束
2018 Apr 23 Mon 23:50:43 INFO 开始测试...
2018 Apr 23 Mon 23:50:43 INFO 测试结束...
2018 Apr 23 Mon 23:50:43 INFO 保存html报告成功
2018 Apr 23 Mon 23:50:43 INFO =============
2018 Apr 23 Mon 23:52:16 INFO =============
2018 Apr 23 Mon 23:52:16 INFO 搜寻测试脚本结束
2018 Apr 23 Mon 23:52:16 INFO 开始测试...
2018 Apr 23 Mon 23:52:31 INFO 测试结束...
2018 Apr 23 Mon 23:52:32 INFO 保存html报告成功
2018 Apr 23 Mon 23:52:32 INFO =============
2018 Apr 23 Mon 23:59:45 INFO =============
2018 Apr 23 Mon 23:59:45 INFO 搜寻测试脚本结束
2018 Apr 23 Mon 23:59:45 INFO 开始测试...
2018 Apr 23 Mon 23:59:54 INFO 测试结束...
2018 Apr 23 Mon 23:59:54 INFO 保存html报告成功
2018 Apr 23 Mon 23:59:54 INFO =============
