2018 Apr 26 Thu 21:06:33 INFO =============
2018 Apr 26 Thu 21:06:33 INFO 搜寻测试脚本结束
2018 Apr 26 Thu 21:06:33 INFO 开始测试...
2018 Apr 26 Thu 21:07:39 INFO =============
2018 Apr 26 Thu 21:07:39 INFO 搜寻测试脚本结束
2018 Apr 26 Thu 21:07:39 INFO 开始测试...
2018 Apr 26 Thu 21:09:25 INFO 测试结束...
2018 Apr 26 Thu 21:09:25 INFO 保存html报告成功
2018 Apr 26 Thu 21:09:25 INFO =============
2018 Apr 26 Thu 21:15:51 INFO =============
2018 Apr 26 Thu 21:15:51 INFO 搜寻测试脚本结束
2018 Apr 26 Thu 21:15:51 INFO 开始测试...
2018 Apr 26 Thu 21:16:33 INFO 测试结束...
2018 Apr 26 Thu 21:16:33 INFO 保存html报告成功
2018 Apr 26 Thu 21:16:33 INFO =============
2018 Apr 26 Thu 21:17:55 INFO =============
2018 Apr 26 Thu 21:17:55 INFO 搜寻测试脚本结束
2018 Apr 26 Thu 21:17:55 INFO 开始测试...
2018 Apr 26 Thu 21:18:30 INFO 测试结束...
2018 Apr 26 Thu 21:18:30 INFO 保存html报告成功
2018 Apr 26 Thu 21:18:30 INFO =============
2018 Apr 26 Thu 21:19:37 INFO =============
2018 Apr 26 Thu 21:19:37 INFO 搜寻测试脚本结束
2018 Apr 26 Thu 21:19:37 INFO 开始测试...
2018 Apr 26 Thu 21:20:14 INFO 测试结束...
2018 Apr 26 Thu 21:20:14 INFO 保存html报告成功
2018 Apr 26 Thu 21:20:14 INFO =============
2018 Apr 26 Thu 21:21:41 INFO =============
2018 Apr 26 Thu 21:21:41 INFO 搜寻测试脚本结束
2018 Apr 26 Thu 21:21:41 INFO 开始测试...
2018 Apr 26 Thu 21:22:11 INFO 测试结束...
2018 Apr 26 Thu 21:22:11 INFO 保存html报告成功
2018 Apr 26 Thu 21:22:11 INFO =============
2018 Apr 26 Thu 22:10:02 INFO =============
2018 Apr 26 Thu 22:10:02 INFO 搜寻测试脚本结束
2018 Apr 26 Thu 22:10:02 INFO 开始测试...
2018 Apr 26 Thu 22:10:31 INFO 测试结束...
2018 Apr 26 Thu 22:10:31 INFO 保存html报告成功
2018 Apr 26 Thu 22:10:31 INFO =============
2018 Apr 26 Thu 22:38:23 INFO =============
2018 Apr 26 Thu 22:38:23 INFO 搜寻测试脚本结束
2018 Apr 26 Thu 22:38:23 INFO 开始测试...
2018 Apr 26 Thu 22:38:50 INFO 测试结束...
2018 Apr 26 Thu 22:38:50 INFO 保存html报告成功
2018 Apr 26 Thu 22:38:50 INFO =============
2018 Apr 26 Thu 22:42:11 INFO =============
2018 Apr 26 Thu 22:42:11 INFO 搜寻测试脚本结束
2018 Apr 26 Thu 22:42:11 INFO 开始测试...
2018 Apr 26 Thu 22:42:11 INFO 测试结束...
2018 Apr 26 Thu 22:42:11 INFO 保存html报告成功
2018 Apr 26 Thu 22:42:11 INFO =============
2018 Apr 26 Thu 22:44:50 INFO =============
2018 Apr 26 Thu 22:44:50 INFO 搜寻测试脚本结束
2018 Apr 26 Thu 22:44:50 INFO 开始测试...
2018 Apr 26 Thu 22:45:14 INFO 测试结束...
2018 Apr 26 Thu 22:45:14 INFO 保存html报告成功
2018 Apr 26 Thu 22:45:14 INFO =============
2018 Apr 26 Thu 22:45:52 INFO =============
2018 Apr 26 Thu 22:45:52 INFO 搜寻测试脚本结束
2018 Apr 26 Thu 22:45:52 INFO 开始测试...
2018 Apr 26 Thu 22:46:03 INFO 测试结束...
2018 Apr 26 Thu 22:46:03 INFO 保存html报告成功
2018 Apr 26 Thu 22:46:03 INFO =============
2018 Apr 26 Thu 22:52:22 INFO =============
2018 Apr 26 Thu 22:52:22 INFO 搜寻测试脚本结束
2018 Apr 26 Thu 22:52:22 INFO 开始测试...
2018 Apr 26 Thu 22:53:03 INFO 测试结束...
2018 Apr 26 Thu 22:53:03 INFO 保存html报告成功
2018 Apr 26 Thu 22:53:03 INFO =============
2018 Apr 26 Thu 22:55:39 INFO =============
2018 Apr 26 Thu 22:55:39 INFO 搜寻测试脚本结束
2018 Apr 26 Thu 22:55:39 INFO 开始测试...
2018 Apr 26 Thu 22:56:05 INFO 测试结束...
2018 Apr 26 Thu 22:56:05 INFO 保存html报告成功
2018 Apr 26 Thu 22:56:05 INFO =============
2018 Apr 26 Thu 23:18:22 INFO =============
2018 Apr 26 Thu 23:18:22 INFO 搜寻测试脚本结束
2018 Apr 26 Thu 23:18:22 INFO 开始测试...
2018 Apr 26 Thu 23:18:35 INFO 测试结束...
2018 Apr 26 Thu 23:18:35 INFO 保存html报告成功
2018 Apr 26 Thu 23:18:35 INFO =============
2018 Apr 26 Thu 23:19:11 INFO =============
2018 Apr 26 Thu 23:19:11 INFO 搜寻测试脚本结束
2018 Apr 26 Thu 23:19:11 INFO 开始测试...
2018 Apr 26 Thu 23:19:24 INFO 测试结束...
2018 Apr 26 Thu 23:19:24 INFO 保存html报告成功
2018 Apr 26 Thu 23:19:24 INFO =============
2018 Apr 26 Thu 23:21:01 INFO =============
2018 Apr 26 Thu 23:21:01 INFO 搜寻测试脚本结束
2018 Apr 26 Thu 23:21:01 INFO 开始测试...
2018 Apr 26 Thu 23:21:10 INFO 测试结束...
2018 Apr 26 Thu 23:21:10 INFO 保存html报告成功
2018 Apr 26 Thu 23:21:10 INFO =============
2018 Apr 26 Thu 23:24:13 INFO =============
2018 Apr 26 Thu 23:24:13 INFO 搜寻测试脚本结束
2018 Apr 26 Thu 23:24:13 INFO 开始测试...
2018 Apr 26 Thu 23:24:49 INFO 测试结束...
2018 Apr 26 Thu 23:24:49 INFO 保存html报告成功
2018 Apr 26 Thu 23:24:50 INFO =============
2018 Apr 26 Thu 23:26:00 INFO =============
2018 Apr 26 Thu 23:26:00 INFO 搜寻测试脚本结束
2018 Apr 26 Thu 23:26:00 INFO 开始测试...
2018 Apr 26 Thu 23:26:53 INFO 测试结束...
2018 Apr 26 Thu 23:26:53 INFO 保存html报告成功
2018 Apr 26 Thu 23:26:53 INFO =============
2018 Apr 26 Thu 23:29:45 INFO =============
2018 Apr 26 Thu 23:29:45 INFO 搜寻测试脚本结束
2018 Apr 26 Thu 23:29:45 INFO 开始测试...
2018 Apr 26 Thu 23:30:32 INFO 测试结束...
2018 Apr 26 Thu 23:30:32 INFO 保存html报告成功
2018 Apr 26 Thu 23:30:32 INFO =============
2018 Apr 26 Thu 23:34:02 INFO =============
2018 Apr 26 Thu 23:34:02 INFO 搜寻测试脚本结束
2018 Apr 26 Thu 23:34:02 INFO 开始测试...
2018 Apr 26 Thu 23:34:32 INFO 测试结束...
2018 Apr 26 Thu 23:34:32 INFO 保存html报告成功
2018 Apr 26 Thu 23:34:32 INFO =============
2018 Apr 26 Thu 23:42:33 INFO =============
2018 Apr 26 Thu 23:42:33 INFO 搜寻测试脚本结束
2018 Apr 26 Thu 23:42:33 INFO 开始测试...
2018 Apr 26 Thu 23:42:33 INFO 测试结束...
2018 Apr 26 Thu 23:42:33 INFO 保存html报告成功
2018 Apr 26 Thu 23:42:33 INFO =============
2018 Apr 26 Thu 23:43:40 INFO =============
2018 Apr 26 Thu 23:43:40 INFO 搜寻测试脚本结束
2018 Apr 26 Thu 23:43:40 INFO 开始测试...
2018 Apr 26 Thu 23:43:40 INFO 测试结束...
2018 Apr 26 Thu 23:43:40 INFO 保存html报告成功
2018 Apr 26 Thu 23:43:40 INFO =============
2018 Apr 26 Thu 23:45:44 INFO =============
2018 Apr 26 Thu 23:45:44 INFO 搜寻测试脚本结束
2018 Apr 26 Thu 23:45:44 INFO 开始测试...
2018 Apr 26 Thu 23:45:44 INFO 测试结束...
2018 Apr 26 Thu 23:45:44 INFO 保存html报告成功
2018 Apr 26 Thu 23:45:44 INFO =============
2018 Apr 26 Thu 23:46:15 INFO =============
2018 Apr 26 Thu 23:46:15 INFO 搜寻测试脚本结束
2018 Apr 26 Thu 23:46:15 INFO 开始测试...
2018 Apr 26 Thu 23:46:44 INFO 测试结束...
2018 Apr 26 Thu 23:46:45 INFO 保存html报告成功
2018 Apr 26 Thu 23:46:45 INFO =============
2018 Apr 26 Thu 23:49:32 INFO =============
2018 Apr 26 Thu 23:49:32 INFO 搜寻测试脚本结束
2018 Apr 26 Thu 23:49:32 INFO 开始测试...
2018 Apr 26 Thu 23:49:57 INFO 测试结束...
2018 Apr 26 Thu 23:49:57 INFO 保存html报告成功
2018 Apr 26 Thu 23:49:57 INFO =============
2018 Apr 26 Thu 23:50:34 INFO =============
2018 Apr 26 Thu 23:50:34 INFO 搜寻测试脚本结束
2018 Apr 26 Thu 23:50:34 INFO 开始测试...
2018 Apr 26 Thu 23:50:34 INFO 测试结束...
2018 Apr 26 Thu 23:50:34 INFO 保存html报告成功
2018 Apr 26 Thu 23:50:34 INFO =============
2018 Apr 26 Thu 23:51:24 INFO =============
2018 Apr 26 Thu 23:51:24 INFO 搜寻测试脚本结束
2018 Apr 26 Thu 23:51:24 INFO 开始测试...
2018 Apr 26 Thu 23:52:05 INFO 测试结束...
2018 Apr 26 Thu 23:52:05 INFO 保存html报告成功
2018 Apr 26 Thu 23:52:05 INFO =============
2018 Apr 26 Thu 23:53:37 INFO =============
2018 Apr 26 Thu 23:53:37 INFO 搜寻测试脚本结束
2018 Apr 26 Thu 23:53:37 INFO 开始测试...
