2018 Apr 24 Tue 00:13:02 INFO =============
2018 Apr 24 Tue 00:13:02 INFO 搜寻测试脚本结束
2018 Apr 24 Tue 00:13:02 INFO 开始测试...
2018 Apr 24 Tue 00:13:16 INFO 测试结束...
2018 Apr 24 Tue 00:13:16 INFO 保存html报告成功
2018 Apr 24 Tue 00:13:16 INFO =============
2018 Apr 24 Tue 21:04:37 INFO =============
2018 Apr 24 Tue 21:04:37 INFO 搜寻测试脚本结束
2018 Apr 24 Tue 21:04:37 INFO 开始测试...
2018 Apr 24 Tue 21:09:05 INFO =============
2018 Apr 24 Tue 21:09:05 INFO 搜寻测试脚本结束
2018 Apr 24 Tue 21:09:05 INFO 开始测试...
2018 Apr 24 Tue 21:10:19 INFO 测试结束...
2018 Apr 24 Tue 21:10:20 INFO 保存html报告成功
2018 Apr 24 Tue 21:10:20 INFO =============
2018 Apr 24 Tue 21:27:16 INFO =============
2018 Apr 24 Tue 21:27:16 INFO 搜寻测试脚本结束
2018 Apr 24 Tue 21:27:16 INFO 开始测试...
2018 Apr 24 Tue 21:27:31 INFO 测试结束...
2018 Apr 24 Tue 21:27:31 INFO 保存html报告成功
2018 Apr 24 Tue 21:27:31 INFO =============
2018 Apr 24 Tue 21:28:41 INFO =============
2018 Apr 24 Tue 21:28:41 INFO 搜寻测试脚本结束
2018 Apr 24 Tue 21:28:41 INFO 开始测试...
2018 Apr 24 Tue 21:33:39 INFO =============
2018 Apr 24 Tue 21:33:39 INFO 搜寻测试脚本结束
2018 Apr 24 Tue 21:33:39 INFO 开始测试...
2018 Apr 24 Tue 21:35:00 INFO =============
2018 Apr 24 Tue 21:35:00 INFO 搜寻测试脚本结束
2018 Apr 24 Tue 21:35:00 INFO 开始测试...
2018 Apr 24 Tue 21:36:25 INFO 测试结束...
2018 Apr 24 Tue 21:36:25 INFO 保存html报告成功
2018 Apr 24 Tue 21:36:25 INFO =============
2018 Apr 24 Tue 21:38:56 INFO =============
2018 Apr 24 Tue 21:38:56 INFO 搜寻测试脚本结束
2018 Apr 24 Tue 21:38:56 INFO 开始测试...
2018 Apr 24 Tue 21:42:20 INFO =============
2018 Apr 24 Tue 21:42:20 INFO 搜寻测试脚本结束
2018 Apr 24 Tue 21:42:20 INFO 开始测试...
2018 Apr 24 Tue 21:42:42 INFO 测试结束...
2018 Apr 24 Tue 21:42:42 INFO 保存html报告成功
2018 Apr 24 Tue 21:42:43 INFO =============
2018 Apr 24 Tue 22:00:05 INFO =============
2018 Apr 24 Tue 22:00:05 INFO 搜寻测试脚本结束
2018 Apr 24 Tue 22:00:05 INFO 开始测试...
2018 Apr 24 Tue 22:00:22 INFO 测试结束...
2018 Apr 24 Tue 22:00:22 INFO 保存html报告成功
2018 Apr 24 Tue 22:00:22 INFO =============
2018 Apr 24 Tue 22:09:41 INFO =============
2018 Apr 24 Tue 22:09:41 INFO 搜寻测试脚本结束
2018 Apr 24 Tue 22:09:41 INFO 开始测试...
2018 Apr 24 Tue 22:11:05 INFO =============
2018 Apr 24 Tue 22:11:05 INFO 搜寻测试脚本结束
2018 Apr 24 Tue 22:11:05 INFO 开始测试...
2018 Apr 24 Tue 22:12:50 INFO =============
2018 Apr 24 Tue 22:12:50 INFO 搜寻测试脚本结束
2018 Apr 24 Tue 22:12:50 INFO 开始测试...
2018 Apr 24 Tue 22:14:06 INFO =============
2018 Apr 24 Tue 22:14:06 INFO 搜寻测试脚本结束
2018 Apr 24 Tue 22:14:06 INFO 开始测试...
2018 Apr 24 Tue 22:14:42 INFO 测试结束...
2018 Apr 24 Tue 22:14:42 INFO 保存html报告成功
2018 Apr 24 Tue 22:14:42 INFO =============
2018 Apr 24 Tue 22:16:22 INFO =============
2018 Apr 24 Tue 22:16:22 INFO 搜寻测试脚本结束
2018 Apr 24 Tue 22:16:22 INFO 开始测试...
2018 Apr 24 Tue 22:16:55 INFO 测试结束...
2018 Apr 24 Tue 22:16:55 INFO 保存html报告成功
2018 Apr 24 Tue 22:16:55 INFO =============
2018 Apr 24 Tue 22:44:46 INFO =============
2018 Apr 24 Tue 22:44:46 INFO 搜寻测试脚本结束
2018 Apr 24 Tue 22:44:46 INFO 开始测试...
2018 Apr 24 Tue 22:45:26 INFO 测试结束...
2018 Apr 24 Tue 22:45:26 INFO 保存html报告成功
2018 Apr 24 Tue 22:45:26 INFO =============
2018 Apr 24 Tue 22:45:53 INFO =============
2018 Apr 24 Tue 22:45:53 INFO 搜寻测试脚本结束
2018 Apr 24 Tue 22:45:53 INFO 开始测试...
2018 Apr 24 Tue 22:46:35 INFO =============
2018 Apr 24 Tue 22:46:35 INFO 搜寻测试脚本结束
2018 Apr 24 Tue 22:46:35 INFO 开始测试...
2018 Apr 24 Tue 22:47:26 INFO =============
2018 Apr 24 Tue 22:47:26 INFO 搜寻测试脚本结束
2018 Apr 24 Tue 22:47:26 INFO 开始测试...
2018 Apr 24 Tue 22:47:39 INFO 测试结束...
2018 Apr 24 Tue 22:47:39 INFO 保存html报告成功
2018 Apr 24 Tue 22:47:39 INFO =============
2018 Apr 24 Tue 22:47:50 INFO =============
2018 Apr 24 Tue 22:47:50 INFO 搜寻测试脚本结束
2018 Apr 24 Tue 22:47:50 INFO 开始测试...
2018 Apr 24 Tue 22:48:48 INFO =============
2018 Apr 24 Tue 22:48:48 INFO 搜寻测试脚本结束
2018 Apr 24 Tue 22:48:48 INFO 开始测试...
2018 Apr 24 Tue 22:49:12 INFO 测试结束...
2018 Apr 24 Tue 22:49:12 INFO 保存html报告成功
2018 Apr 24 Tue 22:49:12 INFO =============
2018 Apr 24 Tue 22:50:43 INFO =============
2018 Apr 24 Tue 22:50:43 INFO 搜寻测试脚本结束
2018 Apr 24 Tue 22:50:43 INFO 开始测试...
2018 Apr 24 Tue 22:50:53 INFO 测试结束...
2018 Apr 24 Tue 22:50:53 INFO 保存html报告成功
2018 Apr 24 Tue 22:50:53 INFO =============
2018 Apr 24 Tue 23:06:01 INFO =============
2018 Apr 24 Tue 23:06:01 INFO 搜寻测试脚本结束
2018 Apr 24 Tue 23:06:01 INFO 开始测试...
2018 Apr 24 Tue 23:58:27 INFO =============
2018 Apr 24 Tue 23:58:27 INFO 搜寻测试脚本结束
2018 Apr 24 Tue 23:58:27 INFO 开始测试...
2018 Apr 24 Tue 23:59:32 INFO =============
2018 Apr 24 Tue 23:59:32 INFO 搜寻测试脚本结束
2018 Apr 24 Tue 23:59:32 INFO 开始测试...
2018 Apr 24 Tue 23:59:57 INFO Could not connect to port 4723 on host 127.0.0.1
2018 Apr 24 Tue 23:59:57 INFO Could not get IP address for host: 127.0.0.1
2018 Apr 25 Wed 00:00:10 INFO 测试结束...
2018 Apr 25 Wed 00:00:11 INFO 保存html报告成功
2018 Apr 25 Wed 00:00:11 INFO =============
