2018 Apr 27 Fri 00:01:16 INFO =============
2018 Apr 27 Fri 00:01:16 INFO 搜寻测试脚本结束
2018 Apr 27 Fri 00:01:16 INFO 开始测试...
2018 Apr 27 Fri 00:02:11 INFO 测试结束...
2018 Apr 27 Fri 00:02:12 INFO 保存html报告成功
2018 Apr 27 Fri 00:02:12 INFO =============
2018 Apr 27 Fri 22:15:34 INFO =============
2018 Apr 27 Fri 22:15:34 INFO 搜寻测试脚本结束
2018 Apr 27 Fri 22:15:34 INFO 开始测试...
2018 Apr 27 Fri 22:15:46 INFO 测试结束...
2018 Apr 27 Fri 22:15:46 INFO 保存html报告成功
2018 Apr 27 Fri 22:15:46 INFO =============
2018 Apr 27 Fri 22:16:59 INFO =============
2018 Apr 27 Fri 22:16:59 INFO 搜寻测试脚本结束
2018 Apr 27 Fri 22:16:59 INFO 开始测试...
2018 Apr 27 Fri 22:18:23 INFO 测试结束...
2018 Apr 27 Fri 22:18:23 INFO 保存html报告成功
2018 Apr 27 Fri 22:18:23 INFO =============
2018 Apr 27 Fri 22:48:59 INFO =============
2018 Apr 27 Fri 22:48:59 INFO 搜寻测试脚本结束
2018 Apr 27 Fri 22:48:59 INFO 开始测试...
2018 Apr 27 Fri 22:49:11 INFO 测试结束...
2018 Apr 27 Fri 22:49:11 INFO 保存html报告成功
2018 Apr 27 Fri 22:49:11 INFO =============
2018 Apr 27 Fri 22:49:31 INFO =============
2018 Apr 27 Fri 22:49:31 INFO 搜寻测试脚本结束
2018 Apr 27 Fri 22:49:31 INFO 开始测试...
2018 Apr 27 Fri 22:49:43 INFO 测试结束...
2018 Apr 27 Fri 22:49:43 INFO 保存html报告成功
2018 Apr 27 Fri 22:49:43 INFO =============
2018 Apr 27 Fri 22:50:13 INFO =============
2018 Apr 27 Fri 22:50:13 INFO 搜寻测试脚本结束
2018 Apr 27 Fri 22:50:13 INFO 开始测试...
2018 Apr 27 Fri 22:50:24 INFO 测试结束...
2018 Apr 27 Fri 22:50:24 INFO 保存html报告成功
2018 Apr 27 Fri 22:50:24 INFO =============
2018 Apr 27 Fri 22:50:43 INFO =============
2018 Apr 27 Fri 22:50:43 INFO 搜寻测试脚本结束
2018 Apr 27 Fri 22:50:43 INFO 开始测试...
2018 Apr 27 Fri 22:52:09 INFO 测试结束...
2018 Apr 27 Fri 22:52:09 INFO 保存html报告成功
2018 Apr 27 Fri 22:52:09 INFO =============
2018 Apr 27 Fri 22:53:42 INFO =============
2018 Apr 27 Fri 22:53:42 INFO 搜寻测试脚本结束
2018 Apr 27 Fri 22:53:42 INFO 开始测试...
2018 Apr 27 Fri 22:54:58 INFO 测试结束...
2018 Apr 27 Fri 22:54:58 INFO 保存html报告成功
2018 Apr 27 Fri 22:54:58 INFO =============
2018 Apr 27 Fri 22:55:43 INFO =============
2018 Apr 27 Fri 22:55:43 INFO 搜寻测试脚本结束
2018 Apr 27 Fri 22:55:43 INFO 开始测试...
2018 Apr 27 Fri 22:56:57 INFO 测试结束...
2018 Apr 27 Fri 22:56:57 INFO 保存html报告成功
2018 Apr 27 Fri 22:56:57 INFO =============
2018 Apr 27 Fri 23:06:30 INFO =============
2018 Apr 27 Fri 23:06:30 INFO 搜寻测试脚本结束
2018 Apr 27 Fri 23:06:30 INFO 开始测试...
2018 Apr 27 Fri 23:07:44 INFO 测试结束...
2018 Apr 27 Fri 23:07:44 INFO 保存html报告成功
2018 Apr 27 Fri 23:07:44 INFO =============
2018 Apr 27 Fri 23:15:07 INFO =============
2018 Apr 27 Fri 23:15:07 INFO 搜寻测试脚本结束
2018 Apr 27 Fri 23:15:07 INFO 开始测试...
2018 Apr 27 Fri 23:16:19 INFO 测试结束...
2018 Apr 27 Fri 23:16:20 INFO 保存html报告成功
2018 Apr 27 Fri 23:16:20 INFO =============
2018 Apr 27 Fri 23:17:57 INFO =============
2018 Apr 27 Fri 23:17:57 INFO 搜寻测试脚本结束
2018 Apr 27 Fri 23:17:57 INFO 开始测试...
2018 Apr 27 Fri 23:18:56 INFO 测试结束...
2018 Apr 27 Fri 23:18:56 INFO 保存html报告成功
2018 Apr 27 Fri 23:18:56 INFO =============
